app/build/intermediates/manifest_merge_blame_file/release/processReleaseMainManifest/manifest-merger-blame-release-report.txt
1<?xml version="1.0" encoding="utf-8"?>
2<manifest xmlns:android="http://schemas.android.com/apk/res/android"
3    package="com.ffsagent"
4    android:versionCode="1"
5    android:versionName="0.1.0" >
6
7    <uses-sdk
7-->INJECTED
8        android:minSdkVersion="26"
8-->INJECTED
9        android:targetSdkVersion="36" />
9-->INJECTED
10
11    <uses-permission android:name="android.permission.POST_NOTIFICATIONS" />
11-->src\main\AndroidManifest.xml:3:5-77
11-->src\main\AndroidManifest.xml:3:22-74
12    <uses-permission android:name="android.permission.FOREGROUND_SERVICE" />
12-->src\main\AndroidManifest.xml:4:5-77
12-->src\main\AndroidManifest.xml:4:22-74
13
14    <!-- Android 11+ package visibility: allow the agent to detect/launch FFS. -->
15    <queries>
15-->src\main\AndroidManifest.xml:7:5-13:15
16
17        <!-- Needed to show installed launchable apps in the in-app selector. -->
18        <intent>
18-->src\main\AndroidManifest.xml:9:9-12:18
19            <action android:name="android.intent.action.MAIN" />
19-->src\main\AndroidManifest.xml:10:13-65
19-->src\main\AndroidManifest.xml:10:21-62
20
21            <category android:name="android.intent.category.LAUNCHER" />
21-->src\main\AndroidManifest.xml:11:13-73
21-->src\main\AndroidManifest.xml:11:23-70
22        </intent>
23    </queries>
24
25    <application
25-->src\main\AndroidManifest.xml:15:5-43:19
26        android:allowBackup="false"
26-->src\main\AndroidManifest.xml:16:9-36
27        android:extractNativeLibs="false"
27-->INJECTED
28        android:icon="@drawable/ffs_logo"
28-->src\main\AndroidManifest.xml:18:9-42
29        android:label="@string/app_name"
29-->src\main\AndroidManifest.xml:17:9-41
30        android:supportsRtl="true"
30-->src\main\AndroidManifest.xml:19:9-35
31        android:theme="@style/AppTheme" >
31-->src\main\AndroidManifest.xml:20:9-40
32        <activity
32-->src\main\AndroidManifest.xml:22:9-75
33            android:name="com.ffsagent.MainActivity"
33-->src\main\AndroidManifest.xml:22:19-47
34            android:exported="false" />
34-->src\main\AndroidManifest.xml:22:48-72
35        <activity
35-->src\main\AndroidManifest.xml:24:9-29:20
36            android:name="com.ffsagent.SplashActivity"
36-->src\main\AndroidManifest.xml:24:19-49
37            android:exported="true"
37-->src\main\AndroidManifest.xml:24:50-73
38            android:theme="@style/SplashTheme" >
38-->src\main\AndroidManifest.xml:24:74-108
39            <intent-filter>
39-->src\main\AndroidManifest.xml:25:13-28:29
40                <action android:name="android.intent.action.MAIN" />
40-->src\main\AndroidManifest.xml:10:13-65
40-->src\main\AndroidManifest.xml:10:21-62
41
42                <category android:name="android.intent.category.LAUNCHER" />
42-->src\main\AndroidManifest.xml:11:13-73
42-->src\main\AndroidManifest.xml:11:23-70
43            </intent-filter>
44        </activity>
45
46        <service
46-->src\main\AndroidManifest.xml:31:9-42:19
47            android:name="com.ffsagent.FfsAccessibilityService"
47-->src\main\AndroidManifest.xml:32:13-52
48            android:exported="false"
48-->src\main\AndroidManifest.xml:33:13-37
49            android:permission="android.permission.BIND_ACCESSIBILITY_SERVICE"
49-->src\main\AndroidManifest.xml:34:13-79
50            android:stopWithTask="false" >
50-->src\main\AndroidManifest.xml:35:13-41
51            <intent-filter>
51-->src\main\AndroidManifest.xml:36:13-38:29
52                <action android:name="android.accessibilityservice.AccessibilityService" />
52-->src\main\AndroidManifest.xml:37:17-92
52-->src\main\AndroidManifest.xml:37:25-89
53            </intent-filter>
54
55            <meta-data
55-->src\main\AndroidManifest.xml:39:13-41:72
56                android:name="android.accessibilityservice"
56-->src\main\AndroidManifest.xml:40:17-60
57                android:resource="@xml/accessibility_service_config" />
57-->src\main\AndroidManifest.xml:41:17-69
58        </service>
59    </application>
60
61</manifest>